Started by user [8mha:////4OeLiUrBa1gcPSCvPVaFLPzHK+aMjqoXb+m61xKbizCXAAAAmR+LCAAAAAAAAP9b85aBtbiIQTGjNKU4P08vOT+vOD8nVc83PyU1x6OyILUoJzMv2y+/JJUBAhiZGBgqihhk0NSjKDWzXb3RdlLBUSYGJk8GtpzUvPSSDB8G5tKinBIGIZ+sxLJE/ZzEvHT94JKizLx0a6BxUmjGOUNodHsLgAzOEgZ+/dLi1CKQGcmpejml+QBPcX4wxAAAAA==[0mLance Luo
Building in workspace /var/lib/jenkins/workspace/scala_project
 > git rev-parse --is-inside-work-tree # timeout=10
Fetching changes from the remote Git repository
 > git config remote.origin.url https://github.com/ennru/Simple-Scala-Project.git # timeout=10
Fetching upstream changes from https://github.com/ennru/Simple-Scala-Project.git
 > git --version # timeout=10
 > git fetch --tags --progress https://github.com/ennru/Simple-Scala-Project.git +refs/heads/*:refs/remotes/origin/*
 > git rev-parse refs/remotes/origin/master^{commit} # timeout=10
 > git rev-parse refs/remotes/origin/origin/master^{commit} # timeout=10
Checking out Revision e8d6d5912e06f6a411ea48700173c713df98dc50 (refs/remotes/origin/master)
 > git config core.sparsecheckout # timeout=10
 > git checkout -f e8d6d5912e06f6a411ea48700173c713df98dc50
First time build. Skipping changelog.
[scala_project] $ java -XX:+CMSClassUnloadingEnabled -XX:MaxPermSize=256m -Xmx512M -Xss16M -Dsbt.log.noformat=true -jar /usr/share/sbt/bin/sbt-launch.jar clean test
OpenJDK 64-Bit Server VM warning: ignoring option MaxPermSize=256m; support was removed in 8.0
Getting org.scala-sbt sbt 0.13.12  (this may take some time)...
downloading https://repo.typesafe.com/typesafe/ivy-releases/org.scala-sbt/sbt/0.13.12/jars/sbt.jar ...
	[SUCCESSFUL ] org.scala-sbt#sbt;0.13.12!sbt.jar (4805ms)
downloading https://repo.typesafe.com/typesafe/ivy-releases/org.scala-sbt/main/0.13.12/jars/main.jar ...
	[SUCCESSFUL ] org.scala-sbt#main;0.13.12!main.jar (10331ms)
downloading https://repo.typesafe.com/typesafe/ivy-releases/org.scala-sbt/compiler-interface/0.13.12/jars/compiler-interface.jar ...
	[SUCCESSFUL ] org.scala-sbt#compiler-interface;0.13.12!compiler-interface.jar (5457ms)
downloading https://repo.typesafe.com/typesafe/ivy-releases/org.scala-sbt/actions/0.13.12/jars/actions.jar ...
	[SUCCESSFUL ] org.scala-sbt#actions;0.13.12!actions.jar (5612ms)
downloading https://repo.typesafe.com/typesafe/ivy-releases/org.scala-sbt/main-settings/0.13.12/jars/main-settings.jar ...
	[SUCCESSFUL ] org.scala-sbt#main-settings;0.13.12!main-settings.jar (6836ms)
downloading https://repo.typesafe.com/typesafe/ivy-releases/org.scala-sbt/interface/0.13.12/jars/interface.jar ...
	[SUCCESSFUL ] org.scala-sbt#interface;0.13.12!interface.jar (4669ms)
downloading https://repo.typesafe.com/typesafe/ivy-releases/org.scala-sbt/io/0.13.12/jars/io.jar ...
	[SUCCESSFUL ] org.scala-sbt#io;0.13.12!io.jar (8536ms)
downloading https://repo.typesafe.com/typesafe/ivy-releases/org.scala-sbt/ivy/0.13.12/jars/ivy.jar ...
	[SUCCESSFUL ] org.scala-sbt#ivy;0.13.12!ivy.jar (7687ms)
downloading https://repo.typesafe.com/typesafe/ivy-releases/org.scala-sbt/logging/0.13.12/jars/logging.jar ...
	[SUCCESSFUL ] org.scala-sbt#logging;0.13.12!logging.jar (4867ms)
downloading https://repo.typesafe.com/typesafe/ivy-releases/org.scala-sbt/logic/0.13.12/jars/logic.jar ...
	[SUCCESSFUL ] org.scala-sbt#logic;0.13.12!logic.jar (4654ms)
downloading https://repo.typesafe.com/typesafe/ivy-releases/org.scala-sbt/process/0.13.12/jars/process.jar ...
	[SUCCESSFUL ] org.scala-sbt#process;0.13.12!process.jar (4829ms)
downloading https://repo.typesafe.com/typesafe/ivy-releases/org.scala-sbt/run/0.13.12/jars/run.jar ...
	[SUCCESSFUL ] org.scala-sbt#run;0.13.12!run.jar (4853ms)
downloading https://repo.typesafe.com/typesafe/ivy-releases/org.scala-sbt/command/0.13.12/jars/command.jar ...
	[SUCCESSFUL ] org.scala-sbt#command;0.13.12!command.jar (6862ms)
downloading https://repo1.maven.org/maven2/org/scala-sbt/launcher-interface/1.0.0-M1/launcher-interface-1.0.0-M1.jar ...
	[SUCCESSFUL ] org.scala-sbt#launcher-interface;1.0.0-M1!launcher-interface.jar (1037ms)
downloading https://repo.typesafe.com/typesafe/ivy-releases/org.scala-sbt/classpath/0.13.12/jars/classpath.jar ...
	[SUCCESSFUL ] org.scala-sbt#classpath;0.13.12!classpath.jar (4686ms)
downloading https://repo.typesafe.com/typesafe/ivy-releases/org.scala-sbt/completion/0.13.12/jars/completion.jar ...
	[SUCCESSFUL ] org.scala-sbt#completion;0.13.12!completion.jar (7228ms)
downloading https://repo.typesafe.com/typesafe/ivy-releases/org.scala-sbt/api/0.13.12/jars/api.jar ...
	[SUCCESSFUL ] org.scala-sbt#api;0.13.12!api.jar (6867ms)
downloading https://repo.typesafe.com/typesafe/ivy-releases/org.scala-sbt/compiler-integration/0.13.12/jars/compiler-integration.jar ...
	[SUCCESSFUL ] org.scala-sbt#compiler-integration;0.13.12!compiler-integration.jar (5126ms)
downloading https://repo.typesafe.com/typesafe/ivy-releases/org.scala-sbt/compiler-ivy-integration/0.13.12/jars/compiler-ivy-integration.jar ...
	[SUCCESSFUL ] org.scala-sbt#compiler-ivy-integration;0.13.12!compiler-ivy-integration.jar (4614ms)
downloading https://repo.typesafe.com/typesafe/ivy-releases/org.scala-sbt/relation/0.13.12/jars/relation.jar ...
	[SUCCESSFUL ] org.scala-sbt#relation;0.13.12!relation.jar (4565ms)
downloading https://repo.typesafe.com/typesafe/ivy-releases/org.scala-sbt/task-system/0.13.12/jars/task-system.jar ...
	[SUCCESSFUL ] org.scala-sbt#task-system;0.13.12!task-system.jar (4896ms)
downloading https://repo.typesafe.com/typesafe/ivy-releases/org.scala-sbt/tasks/0.13.12/jars/tasks.jar ...
	[SUCCESSFUL ] org.scala-sbt#tasks;0.13.12!tasks.jar (4950ms)
downloading https://repo.typesafe.com/typesafe/ivy-releases/org.scala-sbt/tracking/0.13.12/jars/tracking.jar ...
	[SUCCESSFUL ] org.scala-sbt#tracking;0.13.12!tracking.jar (4788ms)
downloading https://repo.typesafe.com/typesafe/ivy-releases/org.scala-sbt/testing/0.13.12/jars/testing.jar ...
	[SUCCESSFUL ] org.scala-sbt#testing;0.13.12!testing.jar (4945ms)
downloading https://repo.typesafe.com/typesafe/ivy-releases/org.scala-sbt/control/0.13.12/jars/control.jar ...
	[SUCCESSFUL ] org.scala-sbt#control;0.13.12!control.jar (4847ms)
downloading https://repo.typesafe.com/typesafe/ivy-releases/org.scala-sbt/collections/0.13.12/jars/collections.jar ...
	[SUCCESSFUL ] org.scala-sbt#collections;0.13.12!collections.jar (6381ms)
downloading https://repo1.maven.org/maven2/jline/jline/2.13/jline-2.13.jar ...
	[SUCCESSFUL ] jline#jline;2.13!jline.jar (1559ms)
downloading https://repo1.maven.org/maven2/org/fusesource/jansi/jansi/1.11/jansi-1.11.jar ...
	[SUCCESSFUL ] org.fusesource.jansi#jansi;1.11!jansi.jar (669ms)
downloading https://repo.typesafe.com/typesafe/ivy-releases/org.scala-sbt/classfile/0.13.12/jars/classfile.jar ...
	[SUCCESSFUL ] org.scala-sbt#classfile;0.13.12!classfile.jar (4792ms)
downloading https://repo.typesafe.com/typesafe/ivy-releases/org.scala-sbt/incremental-compiler/0.13.12/jars/incremental-compiler.jar ...
	[SUCCESSFUL ] org.scala-sbt#incremental-compiler;0.13.12!incremental-compiler.jar (7122ms)
downloading https://repo.typesafe.com/typesafe/ivy-releases/org.scala-sbt/compile/0.13.12/jars/compile.jar ...
	[SUCCESSFUL ] org.scala-sbt#compile;0.13.12!compile.jar (9424ms)
downloading https://repo.typesafe.com/typesafe/ivy-releases/org.scala-sbt/persist/0.13.12/jars/persist.jar ...
	[SUCCESSFUL ] org.scala-sbt#persist;0.13.12!persist.jar (4932ms)
downloading https://repo.typesafe.com/typesafe/ivy-releases/org.scala-sbt/cross/0.13.12/jars/cross.jar ...
	[SUCCESSFUL ] org.scala-sbt#cross;0.13.12!cross.jar (4375ms)
downloading https://repo1.maven.org/maven2/org/scala-sbt/ivy/ivy/2.3.0-sbt-2cc8d2761242b072cedb0a04cb39435c4fa24f9a/ivy-2.3.0-sbt-2cc8d2761242b072cedb0a04cb39435c4fa24f9a.jar ...
	[SUCCESSFUL ] org.scala-sbt.ivy#ivy;2.3.0-sbt-2cc8d2761242b072cedb0a04cb39435c4fa24f9a!ivy.jar (1875ms)
downloading https://repo1.maven.org/maven2/com/jcraft/jsch/0.1.46/jsch-0.1.46.jar ...
	[SUCCESSFUL ] com.jcraft#jsch;0.1.46!jsch.jar (578ms)
downloading https://repo.typesafe.com/typesafe/ivy-releases/org.scala-sbt/cache/0.13.12/jars/cache.jar ...
	[SUCCESSFUL ] org.scala-sbt#cache;0.13.12!cache.jar (4855ms)
downloading https://repo.typesafe.com/typesafe/ivy-releases/org.scala-sbt/test-agent/0.13.12/jars/test-agent.jar ...
	[SUCCESSFUL ] org.scala-sbt#test-agent;0.13.12!test-agent.jar (4508ms)
downloading https://repo.typesafe.com/typesafe/ivy-releases/org.scala-sbt/apply-macro/0.13.12/jars/apply-macro.jar ...
	[SUCCESSFUL ] org.scala-sbt#apply-macro;0.13.12!apply-macro.jar (4722ms)
:: retrieving :: org.scala-sbt#boot-app
	confs: [default]
	49 artifacts copied, 0 already retrieved (17462kB/174ms)
[info] Loading project definition from /var/lib/jenkins/workspace/scala_project/project
[info] Updating {file:/var/lib/jenkins/workspace/scala_project/project/}scala_project-build...
[info] Resolving com.typesafe.sbteclipse#sbteclipse-plugin;4.0.0 ...
[info] Resolving com.typesafe.sbteclipse#sbteclipse-plugin;4.0.0 ...
[info] Resolving org.scalaz#scalaz-core_2.10;7.1.0 ...
[info] Resolving org.scalaz#scalaz-core_2.10;7.1.0 ...
[info] Resolving org.scala-lang#scala-library;2.10.6 ...
[info] Resolving org.scalaz#scalaz-effect_2.10;7.1.0 ...
[info] Resolving org.scalaz#scalaz-effect_2.10;7.1.0 ...
[info] Resolving org.scala-sbt#sbt;0.13.12 ...
[info] Resolving org.scala-sbt#main;0.13.12 ...
[info] Resolving org.scala-sbt#actions;0.13.12 ...
[info] Resolving org.scala-sbt#classpath;0.13.12 ...
[info] Resolving org.scala-lang#scala-compiler;2.10.6 ...
[info] Resolving org.scala-lang#scala-reflect;2.10.6 ...
[info] Resolving org.scala-sbt#interface;0.13.12 ...
[info] Resolving org.scala-sbt#io;0.13.12 ...
[info] Resolving org.scala-sbt#control;0.13.12 ...
[info] Resolving org.scala-sbt#launcher-interface;1.0.0-M1 ...
[info] Resolving org.scala-sbt#completion;0.13.12 ...
[info] Resolving org.scala-sbt#collections;0.13.12 ...
[info] Resolving jline#jline;2.13 ...
[info] Resolving org.fusesource.jansi#jansi;1.11 ...
[info] Resolving org.scala-sbt#api;0.13.12 ...
[info] Resolving org.scala-sbt#classfile;0.13.12 ...
[info] Resolving org.scala-sbt#logging;0.13.12 ...
[info] Resolving org.scala-sbt#process;0.13.12 ...
[info] Resolving org.scala-sbt#compiler-integration;0.13.12 ...
[info] Resolving org.scala-sbt#incremental-compiler;0.13.12 ...
[info] Resolving org.scala-sbt#relation;0.13.12 ...
[info] Resolving org.scala-sbt#compile;0.13.12 ...
[info] Resolving org.scala-sbt#persist;0.13.12 ...
[info] Resolving org.scala-tools.sbinary#sbinary_2.10;0.4.2 ...
[info] Resolving org.scala-sbt#compiler-ivy-integration;0.13.12 ...
[info] Resolving org.scala-sbt#ivy;0.13.12 ...
[info] Resolving org.scala-sbt#cross;0.13.12 ...
[info] Resolving org.scala-sbt.ivy#ivy;2.3.0-sbt-2cc8d2761242b072cedb0a04cb39435c4fa24f9a ...
[info] Resolving com.jcraft#jsch;0.1.46 ...
[info] Resolving org.scala-sbt#serialization_2.10;0.1.2 ...
[info] Resolving org.scala-lang.modules#scala-pickling_2.10;0.10.1 ...
[info] Resolving org.scalamacros#quasiquotes_2.10;2.0.1 ...
[info] Resolving org.json4s#json4s-core_2.10;3.2.10 ...
[info] Resolving org.json4s#json4s-ast_2.10;3.2.10 ...
[info] Resolving com.thoughtworks.paranamer#paranamer;2.6 ...
[info] Resolving org.spire-math#jawn-parser_2.10;0.6.0 ...
[info] Resolving org.spire-math#json4s-support_2.10;0.6.0 ...
[info] Resolving org.scala-sbt#run;0.13.12 ...
[info] Resolving org.scala-sbt#task-system;0.13.12 ...
[info] Resolving org.scala-sbt#tasks;0.13.12 ...
[info] Resolving org.scala-sbt#tracking;0.13.12 ...
[info] Resolving org.scala-sbt#cache;0.13.12 ...
[info] Resolving org.scala-sbt#testing;0.13.12 ...
[info] Resolving org.scala-sbt#test-agent;0.13.12 ...
[info] Resolving org.scala-sbt#test-interface;1.0 ...
[info] Resolving org.scala-sbt#main-settings;0.13.12 ...
[info] Resolving org.scala-sbt#apply-macro;0.13.12 ...
[info] Resolving org.scala-sbt#command;0.13.12 ...
[info] Resolving org.scala-sbt#logic;0.13.12 ...
[info] Resolving org.scala-sbt#compiler-interface;0.13.12 ...
[info] Resolving org.scala-lang#jline;2.10.6 ...
[info] Resolving org.fusesource.jansi#jansi;1.4 ...
[info] downloading https://repo.scala-sbt.org/scalasbt/sbt-plugin-releases/com.typesafe.sbteclipse/sbteclipse-plugin/scala_2.10/sbt_0.13/4.0.0/jars/sbteclipse-plugin.jar ...
[info] 	[SUCCESSFUL ] com.typesafe.sbteclipse#sbteclipse-plugin;4.0.0!sbteclipse-plugin.jar (6522ms)
[info] downloading https://repo1.maven.org/maven2/org/scalaz/scalaz-core_2.10/7.1.0/scalaz-core_2.10-7.1.0.jar ...
[info] 	[SUCCESSFUL ] org.scalaz#scalaz-core_2.10;7.1.0!scalaz-core_2.10.jar(bundle) (3691ms)
[info] downloading https://repo1.maven.org/maven2/org/scalaz/scalaz-effect_2.10/7.1.0/scalaz-effect_2.10-7.1.0.jar ...
[info] 	[SUCCESSFUL ] org.scalaz#scalaz-effect_2.10;7.1.0!scalaz-effect_2.10.jar(bundle) (718ms)
[info] Done updating.
[info] Set current project to Simple-Scala-Project (in build file:/var/lib/jenkins/workspace/scala_project/)
[success] Total time: 0 s, completed Jun 2, 2017 1:21:18 AM
[info] Updating {file:/var/lib/jenkins/workspace/scala_project/}scala_project...
[info] Resolving org.scala-lang#scala-library;2.11.8 ...
[info] Resolving org.scala-lang#scala-library;2.11.8 ...
[info] Resolving junit#junit;4.12 ...
[info] Resolving junit#junit;4.12 ...
[info] Resolving org.hamcrest#hamcrest-core;1.3 ...
[info] Resolving org.hamcrest#hamcrest-core;1.3 ...
[info] Resolving org.hamcrest#hamcrest-parent;1.3 ...
[info] Resolving org.hamcrest#hamcrest-parent;1.3 ...
[info] Resolving com.novocode#junit-interface;0.11 ...
[info] Resolving com.novocode#junit-interface;0.11 ...
[info] Resolving org.scala-sbt#test-interface;1.0 ...
[info] Resolving org.specs2#specs2-core_2.11;3.8.4 ...
[info] Resolving org.specs2#specs2-core_2.11;3.8.4 ...
[info] Resolving org.specs2#specs2-matcher_2.11;3.8.4 ...
[info] Resolving org.specs2#specs2-matcher_2.11;3.8.4 ...
[info] Resolving org.specs2#specs2-common_2.11;3.8.4 ...
[info] Resolving org.specs2#specs2-common_2.11;3.8.4 ...
[info] Resolving org.specs2#specs2-codata_2.11;3.8.4 ...
[info] Resolving org.specs2#specs2-codata_2.11;3.8.4 ...
[info] Resolving org.scalaz#scalaz-core_2.11;7.2.3 ...
[info] Resolving org.scalaz#scalaz-core_2.11;7.2.3 ...
[info] Resolving org.scalaz#scalaz-effect_2.11;7.2.3 ...
[info] Resolving org.scalaz#scalaz-effect_2.11;7.2.3 ...
[info] Resolving org.scalaz#scalaz-concurrent_2.11;7.2.3 ...
[info] Resolving org.scalaz#scalaz-concurrent_2.11;7.2.3 ...
[info] Resolving org.scala-lang#scala-reflect;2.11.8 ...
[info] Resolving org.scala-lang#scala-reflect;2.11.8 ...
[info] Resolving org.scala-lang.modules#scala-parser-combinators_2.11;1.0.4 ...
[info] Resolving org.scala-lang.modules#scala-xml_2.11;1.0.5 ...
[info] Resolving org.scalatest#scalatest_2.11;3.0.0 ...
[info] Resolving org.scalatest#scalatest_2.11;3.0.0 ...
[info] Resolving org.scalactic#scalactic_2.11;3.0.0 ...
[info] Resolving org.scalactic#scalactic_2.11;3.0.0 ...
[info] Resolving org.scala-lang#scala-compiler;2.11.8 ...
[info] Resolving org.scala-lang#scala-compiler;2.11.8 ...
[info] Resolving org.scala-lang.modules#scala-xml_2.11;1.0.4 ...
[info] Resolving org.scala-lang.modules#scala-xml_2.11;1.0.4 ...
[info] Resolving jline#jline;2.12.1 ...
[info] Resolving jline#jline;2.12.1 ...
[info] Resolving org.sonatype.oss#oss-parent;7 ...
[info] downloading https://repo1.maven.org/maven2/org/scala-lang/scala-library/2.11.8/scala-library-2.11.8.jar ...
[info] 	[SUCCESSFUL ] org.scala-lang#scala-library;2.11.8!scala-library.jar (2472ms)
[info] downloading https://repo1.maven.org/maven2/junit/junit/4.12/junit-4.12.jar ...
[info] 	[SUCCESSFUL ] junit#junit;4.12!junit.jar (639ms)
[info] downloading https://repo1.maven.org/maven2/com/novocode/junit-interface/0.11/junit-interface-0.11.jar ...
[info] 	[SUCCESSFUL ] com.novocode#junit-interface;0.11!junit-interface.jar (590ms)
[info] downloading https://repo1.maven.org/maven2/org/specs2/specs2-core_2.11/3.8.4/specs2-core_2.11-3.8.4.jar ...
[info] 	[SUCCESSFUL ] org.specs2#specs2-core_2.11;3.8.4!specs2-core_2.11.jar (994ms)
[info] downloading https://repo1.maven.org/maven2/org/scalatest/scalatest_2.11/3.0.0/scalatest_2.11-3.0.0.jar ...
[info] 	[SUCCESSFUL ] org.scalatest#scalatest_2.11;3.0.0!scalatest_2.11.jar(bundle) (2081ms)
[info] downloading https://repo1.maven.org/maven2/org/hamcrest/hamcrest-core/1.3/hamcrest-core-1.3.jar ...
[info] 	[SUCCESSFUL ] org.hamcrest#hamcrest-core;1.3!hamcrest-core.jar (588ms)
[info] downloading https://repo1.maven.org/maven2/org/specs2/specs2-matcher_2.11/3.8.4/specs2-matcher_2.11-3.8.4.jar ...
[info] 	[SUCCESSFUL ] org.specs2#specs2-matcher_2.11;3.8.4!specs2-matcher_2.11.jar (913ms)
[info] downloading https://repo1.maven.org/maven2/org/scala-lang/scala-reflect/2.11.8/scala-reflect-2.11.8.jar ...
[info] 	[SUCCESSFUL ] org.scala-lang#scala-reflect;2.11.8!scala-reflect.jar (1031ms)
[info] downloading https://repo1.maven.org/maven2/org/specs2/specs2-common_2.11/3.8.4/specs2-common_2.11-3.8.4.jar ...
[info] 	[SUCCESSFUL ] org.specs2#specs2-common_2.11;3.8.4!specs2-common_2.11.jar (852ms)
[info] downloading https://repo1.maven.org/maven2/org/specs2/specs2-codata_2.11/3.8.4/specs2-codata_2.11-3.8.4.jar ...
[info] 	[SUCCESSFUL ] org.specs2#specs2-codata_2.11;3.8.4!specs2-codata_2.11.jar (693ms)
[info] downloading https://repo1.maven.org/maven2/org/scalaz/scalaz-core_2.11/7.2.3/scalaz-core_2.11-7.2.3.jar ...
[info] 	[SUCCESSFUL ] org.scalaz#scalaz-core_2.11;7.2.3!scalaz-core_2.11.jar(bundle) (1708ms)
[info] downloading https://repo1.maven.org/maven2/org/scalaz/scalaz-effect_2.11/7.2.3/scalaz-effect_2.11-7.2.3.jar ...
[info] 	[SUCCESSFUL ] org.scalaz#scalaz-effect_2.11;7.2.3!scalaz-effect_2.11.jar(bundle) (618ms)
[info] downloading https://repo1.maven.org/maven2/org/scalaz/scalaz-concurrent_2.11/7.2.3/scalaz-concurrent_2.11-7.2.3.jar ...
[info] 	[SUCCESSFUL ] org.scalaz#scalaz-concurrent_2.11;7.2.3!scalaz-concurrent_2.11.jar(bundle) (612ms)
[info] downloading https://repo1.maven.org/maven2/org/scalactic/scalactic_2.11/3.0.0/scalactic_2.11-3.0.0.jar ...
[info] 	[SUCCESSFUL ] org.scalactic#scalactic_2.11;3.0.0!scalactic_2.11.jar(bundle) (646ms)
[info] downloading https://repo1.maven.org/maven2/org/scala-lang/scala-compiler/2.11.8/scala-compiler-2.11.8.jar ...
[info] 	[SUCCESSFUL ] org.scala-lang#scala-compiler;2.11.8!scala-compiler.jar (2097ms)
[info] downloading https://repo1.maven.org/maven2/org/scala-lang/modules/scala-xml_2.11/1.0.4/scala-xml_2.11-1.0.4.jar ...
[info] 	[SUCCESSFUL ] org.scala-lang.modules#scala-xml_2.11;1.0.4!scala-xml_2.11.jar(bundle) (640ms)
[info] downloading https://repo1.maven.org/maven2/jline/jline/2.12.1/jline-2.12.1.jar ...
[info] 	[SUCCESSFUL ] jline#jline;2.12.1!jline.jar (634ms)
[info] Done updating.
[info] Compiling 1 Scala source to /var/lib/jenkins/workspace/scala_project/target/scala-2.11/classes...
[info] 'compiler-interface' not yet compiled for Scala 2.11.8. Compiling...
OpenJDK 64-Bit Server VM warning: INFO: os::commit_memory(0x00000000ef685000, 37695488, 0) failed; error='Cannot allocate memory' (errno=12)
#
# There is insufficient memory for the Java Runtime Environment to continue.
# Native memory allocation (mmap) failed to map 37695488 bytes for committing reserved memory.
# An error report file with more information is saved as:
# /var/lib/jenkins/workspace/scala_project/hs_err_pid32763.log
Build step 'Build using sbt' changed build result to FAILURE
Build step 'Build using sbt' marked build as failure
Finished: FAILURE
