Started by upstream project "[8mha:////4NegSfSTnO1xTwer6v/g8rUk3ahyw2Ek3yG45zveh6EZAAAAoR+LCAAAAAAAAP9b85aBtbiIQTGjNKU4P08vOT+vOD8nVc83PyU1x6OyILUoJzMv2y+/JJUBAhiZGBgqihhk0NSjKDWzXb3RdlLBUSYGJk8GtpzUvPSSDB8G5tKinBIGIZ+sxLJE/ZzEvHT94JKizLx0a6BxUmjGOUNodHsLgAz+EgZR/az8JP2CypKM/Lz4gqL8rNTkEkN9AHln9kTKAAAA[0mpython_project1" build number [8mha:////4L5dtRO4R73nzbFk3Y0WH7vDMqk2zjPp7VtXQQZncpu2AAAAox+LCAAAAAAAAP9b85aBtbiIQTGjNKU4P08vOT+vOD8nVc83PyU1x6OyILUoJzMv2y+/JJUBAhiZGBgqihhk0NSjKDWzXb3RdlLBUSYGJk8GtpzUvPSSDB8G5tKinBIGIZ+sxLJE/ZzEvHT94JKizLx0a6BxUmjGOUNodHsLgAymEgZx/az8JP2CypKM/Lz4gqL8rNTkEkN9QyMA/lwMdswAAAA=[0m12
originally caused by:
 Started by user [8mha:////4OeLiUrBa1gcPSCvPVaFLPzHK+aMjqoXb+m61xKbizCXAAAAmR+LCAAAAAAAAP9b85aBtbiIQTGjNKU4P08vOT+vOD8nVc83PyU1x6OyILUoJzMv2y+/JJUBAhiZGBgqihhk0NSjKDWzXb3RdlLBUSYGJk8GtpzUvPSSDB8G5tKinBIGIZ+sxLJE/ZzEvHT94JKizLx0a6BxUmjGOUNodHsLgAzOEgZ+/dLi1CKQGcmpejml+QBPcX4wxAAAAA==[0mLance Luo
Building in workspace /var/lib/jenkins/workspace/Deploy to Staging
Copied 1 artifact from "[8mha:////4Kwzypi/X1uhJCrn4MHMbcMbieA4vTAeY8BrROSP1hFGAAAAlh+LCAAAAAAAAP9b85aBtbiIQSajNKU4P08vOT+vOD8nVc+jsiC1KCczL9svvyTVzHb1RttJBUeZGJg8GdhyUvPSSzJ8GJhLi3JKGIR8shLLEvVzEvPS9YNLijLz0q0rihik0IxzhtAgwxgggJGJgaGiAMjgL2EQ1c/KT9IvqCzJyM+LLyjKz0pNLjHUBwCiCA8KmgAAAA==[0mpython_project1" build number [8mha:////4FAchQtc1AW+CBCyfsdlW9DM9rMTKrxZhtJXLGavnO72AAAAmR+LCAAAAAAAAP9b85aBtbiIQSajNKU4P08vOT+vOD8nVc+jsiC1KCczL9svvyTVzHb1RttJBUeZGJg8GdhyUvPSSzJ8GJhLi3JKGIR8shLLEvVzEvPS9YNLijLz0q0rihik0IxzhtAgwxgggJGJgaGiAMhgKmGQ0M/KT9IvqCzJyM+LLyjKz0pNLjHUNzTSBwDDiSNmnQAAAA==[0m12
Archiving artifacts
ERROR: No artifacts found that match the file pattern "*". Configuration error?
[8mha:////4LqQbeD2iXvGFajmT2gWcIwsOe8OXi+/yiuUZaY1g3xjAAAAVx+LCAAAAAAAAP9b85aBtbiIQSmjNKU4P08vOT+vOD8nVc8DzHWtSE4tKMnMz/PLL0mV3NWzufebKBsTA0NFEYMUmgZnCA1SyAABjCCFBQC2xNaiYAAAAA==[0mERROR: â€˜*â€™ doesnâ€™t match anything
[8mha:////4LqQbeD2iXvGFajmT2gWcIwsOe8OXi+/yiuUZaY1g3xjAAAAVx+LCAAAAAAAAP9b85aBtbiIQSmjNKU4P08vOT+vOD8nVc8DzHWtSE4tKMnMz/PLL0mV3NWzufebKBsTA0NFEYMUmgZnCA1SyAABjCCFBQC2xNaiYAAAAA==[0mBuild step 'Archive the artifacts' changed build result to FAILURE
Finished: FAILURE
